Loading rhel8/default-amp
  Loading requirement: dot rhel8/slurm singularity/current rhel8/global
    cuda/11.4 libpciaccess/0.16/gcc-9.4.0-6fonbj6
    libiconv/1.16/gcc-9.4.0-ahebbov libxml2/2.9.12/gcc-9.4.0-gnknt5e
    ncurses/6.2/gcc-9.4.0-aiirok7 hwloc/2.5.0/gcc-9.4.0-7sqomga
    libevent/2.1.12/gcc-9.4.0-hgny7cm numactl/2.0.14/gcc-9.4.0-52dwc6n
    cuda/11.4.0/gcc-9.4.0-3hnxhjt gdrcopy/2.2/gcc-9.4.0-e4igtfp
    knem/1.1.4/gcc-9.4.0-bpbxgva libnl/3.3.0/gcc-9.4.0-whwhrwb
    rdma-core/34.0/gcc-9.4.0-5eo5n2u ucx/1.11.1/gcc-9.4.0-lktqyl4
    openmpi/4.1.1/gcc-9.4.0-epagguv
no change     /usr/local/software/archive/linux-scientific7-x86_64/gcc-9/miniconda3-4.7.12.1-rmuek6r3f6p3v6fdj7o2klyzta3qhslh/condabin/conda
no change     /usr/local/software/archive/linux-scientific7-x86_64/gcc-9/miniconda3-4.7.12.1-rmuek6r3f6p3v6fdj7o2klyzta3qhslh/bin/conda
no change     /usr/local/software/archive/linux-scientific7-x86_64/gcc-9/miniconda3-4.7.12.1-rmuek6r3f6p3v6fdj7o2klyzta3qhslh/bin/conda-env
no change     /usr/local/software/archive/linux-scientific7-x86_64/gcc-9/miniconda3-4.7.12.1-rmuek6r3f6p3v6fdj7o2klyzta3qhslh/bin/activate
no change     /usr/local/software/archive/linux-scientific7-x86_64/gcc-9/miniconda3-4.7.12.1-rmuek6r3f6p3v6fdj7o2klyzta3qhslh/bin/deactivate
no change     /usr/local/software/archive/linux-scientific7-x86_64/gcc-9/miniconda3-4.7.12.1-rmuek6r3f6p3v6fdj7o2klyzta3qhslh/etc/profile.d/conda.sh
no change     /usr/local/software/archive/linux-scientific7-x86_64/gcc-9/miniconda3-4.7.12.1-rmuek6r3f6p3v6fdj7o2klyzta3qhslh/etc/fish/conf.d/conda.fish
no change     /usr/local/software/archive/linux-scientific7-x86_64/gcc-9/miniconda3-4.7.12.1-rmuek6r3f6p3v6fdj7o2klyzta3qhslh/shell/condabin/Conda.psm1
no change     /usr/local/software/archive/linux-scientific7-x86_64/gcc-9/miniconda3-4.7.12.1-rmuek6r3f6p3v6fdj7o2klyzta3qhslh/shell/condabin/conda-hook.ps1
no change     /usr/local/software/archive/linux-scientific7-x86_64/gcc-9/miniconda3-4.7.12.1-rmuek6r3f6p3v6fdj7o2klyzta3qhslh/lib/python3.7/site-packages/xontrib/conda.xsh
no change     /usr/local/software/archive/linux-scientific7-x86_64/gcc-9/miniconda3-4.7.12.1-rmuek6r3f6p3v6fdj7o2klyzta3qhslh/etc/profile.d/conda.csh
no change     /home/hpcpin1/.bashrc
No action taken.
flatpak: symbol lookup error: /lib64/libk5crypto.so.3: undefined symbol: EVP_KDF_ctrl, version OPENSSL_1_1_1b

     active environment : torch2
    active env location : /home/hpcpin1/.conda/envs/torch2
            shell level : 1
       user config file : /home/hpcpin1/.condarc
 populated config files : 
          conda version : 4.7.12
    conda-build version : not installed
         python version : 3.7.4.final.0
       virtual packages : __cuda=12.0
       base environment : /usr/local/software/archive/linux-scientific7-x86_64/gcc-9/miniconda3-4.7.12.1-rmuek6r3f6p3v6fdj7o2klyzta3qhslh  (read only)
           channel URLs : https://repo.anaconda.com/pkgs/main/linux-64
                          https://repo.anaconda.com/pkgs/main/noarch
                          https://repo.anaconda.com/pkgs/r/linux-64
                          https://repo.anaconda.com/pkgs/r/noarch
          package cache : /usr/local/software/archive/linux-scientific7-x86_64/gcc-9/miniconda3-4.7.12.1-rmuek6r3f6p3v6fdj7o2klyzta3qhslh/pkgs
                          /home/hpcpin1/.conda/pkgs
       envs directories : /home/hpcpin1/.conda/envs
                          /usr/local/software/archive/linux-scientific7-x86_64/gcc-9/miniconda3-4.7.12.1-rmuek6r3f6p3v6fdj7o2klyzta3qhslh/envs
               platform : linux-64
             user-agent : conda/4.7.12 requests/2.22.0 CPython/3.7.4 Linux/4.18.0-372.52.1.el8_6.x86_64 rocky/8.7 glibc/2.28
                UID:GID : 45163:45169
             netrc file : None
           offline mode : False

Changed directory to /home/hpcpin1/Seg_Project.

JobID: 24735694
======
Time: Thu  3 Aug 17:16:46 BST 2023
Running on master node: gpu-q-66
Current directory: /home/hpcpin1/Seg_Project

Nodes allocated:
================
gpu-q-66

numtasks=1, numnodes=1, mpi_tasks_per_node=1 (OMP_NUM_THREADS=1)

Executing command:
==================
python trainerHybrid_Cephalo.py --name cephalo_torch2 --epochs 3 --stepsize 100 --doubleskip

One Object
Pooling
32 filters
Model: HybrigGNet with 2 skip connections
6-5
cuda:0
Training ...
Epoch [1 / 3] train average reconstruction error: 26553.998355
Epoch [1 / 3] validation average reconstruction error: 8477.286953
Model Saved MSE
Model Saved MSE all time
Model Saved HD
Epoch [2 / 3] train average reconstruction error: 16678.546567
Epoch [2 / 3] validation average reconstruction error: 7337.850306
Model Saved MSE
Model Saved MSE all time
Epoch [3 / 3] train average reconstruction error: 14924.267193
Epoch [3 / 3] validation average reconstruction error: 7502.583014
End Time: Thu  3 Aug 17:20:36 BST 2023
